  main.cpp
C:\Users\MHR117\Downloads\Compressed\Amusement-Park---A-3D-OpenGL-3.3-Project-master\Amusement-Park---A-3D-OpenGL-3.3-Project-master\Final Project\sphere.h(172,26): warning C4244: 'initializing': conversion from 'double' to 'float', possible loss of data
C:\Users\MHR117\Downloads\Compressed\Amusement-Park---A-3D-OpenGL-3.3-Project-master\Amusement-Park---A-3D-OpenGL-3.3-Project-master\Final Project\sphere.h(173,25): warning C4244: 'initializing': conversion from 'double' to 'float', possible loss of data
C:\Users\MHR117\Downloads\Compressed\Amusement-Park---A-3D-OpenGL-3.3-Project-master\Amusement-Park---A-3D-OpenGL-3.3-Project-master\Final Project\sphere.h(175,26): warning C4244: 'initializing': conversion from 'double' to 'float', possible loss of data
C:\Program Files (x86)\Windows Kits\10\Include\10.0.22621.0\shared\minwindef.h(130,9): warning C4005: 'APIENTRY': macro redefinition
C:\Users\MHR117\Downloads\Compressed\Amusement-Park---A-3D-OpenGL-3.3-Project-master\Amusement-Park---A-3D-OpenGL-3.3-Project-master\Final Project\main.cpp(631,49): warning C4101: 'rotateMatrix': unreferenced local variable
C:\Users\MHR117\Downloads\Compressed\Amusement-Park---A-3D-OpenGL-3.3-Project-master\Amusement-Park---A-3D-OpenGL-3.3-Project-master\Final Project\main.cpp(878,21): warning C4244: '+=': conversion from 'double' to 'float', possible loss of data
C:\Users\MHR117\Downloads\Compressed\Amusement-Park---A-3D-OpenGL-3.3-Project-master\Amusement-Park---A-3D-OpenGL-3.3-Project-master\Final Project\main.cpp(892,21): warning C4244: '+=': conversion from 'double' to 'float', possible loss of data
C:\Users\MHR117\Downloads\Compressed\Amusement-Park---A-3D-OpenGL-3.3-Project-master\Amusement-Park---A-3D-OpenGL-3.3-Project-master\Final Project\main.cpp(898,21): warning C4244: '+=': conversion from 'double' to 'float', possible loss of data
C:\Users\MHR117\Downloads\Compressed\Amusement-Park---A-3D-OpenGL-3.3-Project-master\Amusement-Park---A-3D-OpenGL-3.3-Project-master\Final Project\main.cpp(903,21): warning C4244: '-=': conversion from 'double' to 'float', possible loss of data
C:\Users\MHR117\Downloads\Compressed\Amusement-Park---A-3D-OpenGL-3.3-Project-master\Amusement-Park---A-3D-OpenGL-3.3-Project-master\Final Project\main.cpp(940,24): warning C4244: '+=': conversion from 'double' to 'float', possible loss of data
C:\Users\MHR117\Downloads\Compressed\Amusement-Park---A-3D-OpenGL-3.3-Project-master\Amusement-Park---A-3D-OpenGL-3.3-Project-master\Final Project\main.cpp(945,24): warning C4244: '-=': conversion from 'double' to 'float', possible loss of data
C:\Users\MHR117\Downloads\Compressed\Amusement-Park---A-3D-OpenGL-3.3-Project-master\Amusement-Park---A-3D-OpenGL-3.3-Project-master\Final Project\main.cpp(950,24): warning C4244: '+=': conversion from 'double' to 'float', possible loss of data
C:\Users\MHR117\Downloads\Compressed\Amusement-Park---A-3D-OpenGL-3.3-Project-master\Amusement-Park---A-3D-OpenGL-3.3-Project-master\Final Project\main.cpp(955,24): warning C4244: '-=': conversion from 'double' to 'float', possible loss of data
C:\Users\MHR117\Downloads\Compressed\Amusement-Park---A-3D-OpenGL-3.3-Project-master\Amusement-Park---A-3D-OpenGL-3.3-Project-master\Final Project\main.cpp(1210,33): warning C4244: '=': conversion from 'double' to 'float', possible loss of data
C:\Users\MHR117\Downloads\Compressed\Amusement-Park---A-3D-OpenGL-3.3-Project-master\Amusement-Park---A-3D-OpenGL-3.3-Project-master\Final Project\main.cpp(1216,33): warning C4244: '=': conversion from 'double' to 'float', possible loss of data
C:\Users\MHR117\Downloads\Compressed\Amusement-Park---A-3D-OpenGL-3.3-Project-master\Amusement-Park---A-3D-OpenGL-3.3-Project-master\Final Project\main.cpp(1863,36): warning C4101: 'translateFromPivotOrg': unreferenced local variable
C:\Users\MHR117\Downloads\Compressed\Amusement-Park---A-3D-OpenGL-3.3-Project-master\Amusement-Park---A-3D-OpenGL-3.3-Project-master\Final Project\main.cpp(1863,15): warning C4101: 'translateToPivotOrg': unreferenced local variable
C:\Users\MHR117\Downloads\Compressed\Amusement-Park---A-3D-OpenGL-3.3-Project-master\Amusement-Park---A-3D-OpenGL-3.3-Project-master\Final Project\main.cpp(2001,52): warning C4101: 'rotateZMatrix': unreferenced local variable
C:\Users\MHR117\Downloads\Compressed\Amusement-Park---A-3D-OpenGL-3.3-Project-master\Amusement-Park---A-3D-OpenGL-3.3-Project-master\Final Project\main.cpp(2150,45): warning C4101: 'model': unreferenced local variable
C:\Users\MHR117\Downloads\Compressed\Amusement-Park---A-3D-OpenGL-3.3-Project-master\Amusement-Park---A-3D-OpenGL-3.3-Project-master\Final Project\main.cpp(2150,32): warning C4101: 'scaleMatrix': unreferenced local variable
C:\Users\MHR117\Downloads\Compressed\Amusement-Park---A-3D-OpenGL-3.3-Project-master\Amusement-Park---A-3D-OpenGL-3.3-Project-master\Final Project\main.cpp(2150,52): warning C4101: 'rotateYMatrix': unreferenced local variable
C:\Users\MHR117\Downloads\Compressed\Amusement-Park---A-3D-OpenGL-3.3-Project-master\Amusement-Park---A-3D-OpenGL-3.3-Project-master\Final Project\main.cpp(2228,33): warning C4305: 'initializing': truncation from 'double' to 'float'
C:\Users\MHR117\Downloads\Compressed\Amusement-Park---A-3D-OpenGL-3.3-Project-master\Amusement-Park---A-3D-OpenGL-3.3-Project-master\Final Project\main.cpp(2231,14): warning C4305: 'initializing': truncation from 'double' to 'float'
C:\Users\MHR117\Downloads\Compressed\Amusement-Park---A-3D-OpenGL-3.3-Project-master\Amusement-Park---A-3D-OpenGL-3.3-Project-master\Final Project\main.cpp(2241,25): warning C4244: '=': conversion from 'double' to 'float', possible loss of data
C:\Users\MHR117\Downloads\Compressed\Amusement-Park---A-3D-OpenGL-3.3-Project-master\Amusement-Park---A-3D-OpenGL-3.3-Project-master\Final Project\main.cpp(2247,19): warning C4244: '=': conversion from 'double' to 'float', possible loss of data
C:\Users\MHR117\Downloads\Compressed\Amusement-Park---A-3D-OpenGL-3.3-Project-master\Amusement-Park---A-3D-OpenGL-3.3-Project-master\Final Project\main.cpp(2248,19): warning C4244: '=': conversion from 'double' to 'float', possible loss of data
C:\Users\MHR117\Downloads\Compressed\Amusement-Park---A-3D-OpenGL-3.3-Project-master\Amusement-Park---A-3D-OpenGL-3.3-Project-master\Final Project\main.cpp(2388,28): warning C4244: '=': conversion from 'double' to 'float', possible loss of data
C:\Users\MHR117\Downloads\Compressed\Amusement-Park---A-3D-OpenGL-3.3-Project-master\Amusement-Park---A-3D-OpenGL-3.3-Project-master\Final Project\main.cpp(2408,36): warning C4101: 'translateFromPivotOrg': unreferenced local variable
C:\Users\MHR117\Downloads\Compressed\Amusement-Park---A-3D-OpenGL-3.3-Project-master\Amusement-Park---A-3D-OpenGL-3.3-Project-master\Final Project\main.cpp(2408,15): warning C4101: 'translateToPivotOrg': unreferenced local variable
C:\Users\MHR117\Downloads\Compressed\Amusement-Park---A-3D-OpenGL-3.3-Project-master\Amusement-Park---A-3D-OpenGL-3.3-Project-master\Final Project\main.cpp(2547,40): warning C4101: 'translateFromPivotOrgMain': unreferenced local variable
C:\Users\MHR117\Downloads\Compressed\Amusement-Park---A-3D-OpenGL-3.3-Project-master\Amusement-Park---A-3D-OpenGL-3.3-Project-master\Final Project\main.cpp(2547,15): warning C4101: 'translateToPivotOrgMain': unreferenced local variable
C:\Users\MHR117\Downloads\Compressed\Amusement-Park---A-3D-OpenGL-3.3-Project-master\Amusement-Park---A-3D-OpenGL-3.3-Project-master\Final Project\main.cpp(2549,15): warning C4101: 'translateToPivotOrgLocal': unreferenced local variable
C:\Users\MHR117\Downloads\Compressed\Amusement-Park---A-3D-OpenGL-3.3-Project-master\Amusement-Park---A-3D-OpenGL-3.3-Project-master\Final Project\main.cpp(2549,41): warning C4101: 'translateFromPivotOrgLocal': unreferenced local variable
C:\Users\MHR117\Downloads\Compressed\Amusement-Park---A-3D-OpenGL-3.3-Project-master\Amusement-Park---A-3D-OpenGL-3.3-Project-master\Final Project\main.cpp(2703,36): warning C4101: 'translateFromPivotOrg': unreferenced local variable
C:\Users\MHR117\Downloads\Compressed\Amusement-Park---A-3D-OpenGL-3.3-Project-master\Amusement-Park---A-3D-OpenGL-3.3-Project-master\Final Project\main.cpp(2703,15): warning C4101: 'translateToPivotOrg': unreferenced local variable
C:\Users\MHR117\Downloads\Compressed\Amusement-Park---A-3D-OpenGL-3.3-Project-master\Amusement-Park---A-3D-OpenGL-3.3-Project-master\Final Project\main.cpp(2921,22): warning C4244: '=': conversion from 'double' to 'float', possible loss of data
C:\Users\MHR117\Downloads\Compressed\Amusement-Park---A-3D-OpenGL-3.3-Project-master\Amusement-Park---A-3D-OpenGL-3.3-Project-master\Final Project\main.cpp(2901,36): warning C4101: 'translateFromPivotOrg': unreferenced local variable
C:\Users\MHR117\Downloads\Compressed\Amusement-Park---A-3D-OpenGL-3.3-Project-master\Amusement-Park---A-3D-OpenGL-3.3-Project-master\Final Project\main.cpp(2898,52): warning C4101: 'rotateZMatrix': unreferenced local variable
C:\Users\MHR117\Downloads\Compressed\Amusement-Park---A-3D-OpenGL-3.3-Project-master\Amusement-Park---A-3D-OpenGL-3.3-Project-master\Final Project\main.cpp(2901,15): warning C4101: 'translateToPivotOrg': unreferenced local variable
C:\Users\MHR117\Downloads\Compressed\Amusement-Park---A-3D-OpenGL-3.3-Project-master\Amusement-Park---A-3D-OpenGL-3.3-Project-master\Final Project\main.cpp(3125,25): warning C4244: '=': conversion from 'double' to 'float', possible loss of data
C:\Users\MHR117\Downloads\Compressed\Amusement-Park---A-3D-OpenGL-3.3-Project-master\Amusement-Park---A-3D-OpenGL-3.3-Project-master\Final Project\main.cpp(3105,36): warning C4101: 'translateFromPivotOrg': unreferenced local variable
C:\Users\MHR117\Downloads\Compressed\Amusement-Park---A-3D-OpenGL-3.3-Project-master\Amusement-Park---A-3D-OpenGL-3.3-Project-master\Final Project\main.cpp(3102,52): warning C4101: 'rotateZMatrix': unreferenced local variable
C:\Users\MHR117\Downloads\Compressed\Amusement-Park---A-3D-OpenGL-3.3-Project-master\Amusement-Park---A-3D-OpenGL-3.3-Project-master\Final Project\main.cpp(3105,15): warning C4101: 'translateToPivotOrg': unreferenced local variable
C:\Users\MHR117\Downloads\Compressed\Amusement-Park---A-3D-OpenGL-3.3-Project-master\Amusement-Park---A-3D-OpenGL-3.3-Project-master\Final Project\main.cpp(3224,20): warning C4244: '=': conversion from 'double' to 'float', possible loss of data
C:\Users\MHR117\Downloads\Compressed\Amusement-Park---A-3D-OpenGL-3.3-Project-master\Amusement-Park---A-3D-OpenGL-3.3-Project-master\Final Project\main.cpp(3281,40): warning C4101: 'translateFromPivotOrgMain': unreferenced local variable
C:\Users\MHR117\Downloads\Compressed\Amusement-Park---A-3D-OpenGL-3.3-Project-master\Amusement-Park---A-3D-OpenGL-3.3-Project-master\Final Project\main.cpp(3281,15): warning C4101: 'translateToPivotOrgMain': unreferenced local variable
C:\Users\MHR117\Downloads\Compressed\Amusement-Park---A-3D-OpenGL-3.3-Project-master\Amusement-Park---A-3D-OpenGL-3.3-Project-master\Final Project\main.cpp(3283,15): warning C4101: 'translateToPivotOrgLocal': unreferenced local variable
C:\Users\MHR117\Downloads\Compressed\Amusement-Park---A-3D-OpenGL-3.3-Project-master\Amusement-Park---A-3D-OpenGL-3.3-Project-master\Final Project\main.cpp(3283,41): warning C4101: 'translateFromPivotOrgLocal': unreferenced local variable
glfw3.lib(init.obj) : warning LNK4099: PDB '' was not found with 'glfw3.lib(init.obj)' or at ''; linking object as if no debug info
glfw3.lib(window.obj) : warning LNK4099: PDB '' was not found with 'glfw3.lib(window.obj)' or at ''; linking object as if no debug info
glfw3.lib(input.obj) : warning LNK4099: PDB '' was not found with 'glfw3.lib(input.obj)' or at ''; linking object as if no debug info
glfw3.lib(context.obj) : warning LNK4099: PDB '' was not found with 'glfw3.lib(context.obj)' or at ''; linking object as if no debug info
glfw3.lib(win32_init.obj) : warning LNK4099: PDB '' was not found with 'glfw3.lib(win32_init.obj)' or at ''; linking object as if no debug info
glfw3.lib(win32_monitor.obj) : warning LNK4099: PDB '' was not found with 'glfw3.lib(win32_monitor.obj)' or at ''; linking object as if no debug info
glfw3.lib(win32_time.obj) : warning LNK4099: PDB '' was not found with 'glfw3.lib(win32_time.obj)' or at ''; linking object as if no debug info
glfw3.lib(win32_thread.obj) : warning LNK4099: PDB '' was not found with 'glfw3.lib(win32_thread.obj)' or at ''; linking object as if no debug info
glfw3.lib(monitor.obj) : warning LNK4099: PDB '' was not found with 'glfw3.lib(monitor.obj)' or at ''; linking object as if no debug info
glfw3.lib(vulkan.obj) : warning LNK4099: PDB '' was not found with 'glfw3.lib(vulkan.obj)' or at ''; linking object as if no debug info
glfw3.lib(win32_window.obj) : warning LNK4099: PDB '' was not found with 'glfw3.lib(win32_window.obj)' or at ''; linking object as if no debug info
glfw3.lib(win32_joystick.obj) : warning LNK4099: PDB '' was not found with 'glfw3.lib(win32_joystick.obj)' or at ''; linking object as if no debug info
glfw3.lib(wgl_context.obj) : warning LNK4099: PDB '' was not found with 'glfw3.lib(wgl_context.obj)' or at ''; linking object as if no debug info
glfw3.lib(egl_context.obj) : warning LNK4099: PDB '' was not found with 'glfw3.lib(egl_context.obj)' or at ''; linking object as if no debug info
glfw3.lib(osmesa_context.obj) : warning LNK4099: PDB '' was not found with 'glfw3.lib(osmesa_context.obj)' or at ''; linking object as if no debug info
  Final Project.vcxproj -> C:\Users\MHR117\Downloads\Compressed\Amusement-Park---A-3D-OpenGL-3.3-Project-master\Amusement-Park---A-3D-OpenGL-3.3-Project-master\Final Project\x64\Debug\Final Project.exe
